#
# A fatal error has been detected by the Java Runtime Environment:
#
#  EXCEPTION_ACCESS_VIOLATION (0xc0000005) at pc=0x00000000665ddd7a, pid=16444, tid=0x0000000000002b68
#
# JRE version: Java(TM) SE Runtime Environment (8.0_131-b11) (build 1.8.0_131-b11)
# Java VM: Java HotSpot(TM) 64-Bit Server VM (25.131-b11 mixed mode windows-amd64 compressed oops)
# Problematic frame:
# V  [jvm.dll+0x3fdd7a]
#
# Failed to write core dump. Minidumps are not enabled by default on client versions of Windows
#
# If you would like to submit a bug report, please visit:
#   http://bugreport.java.com/bugreport/crash.jsp
#

---------------  T H R E A D  ---------------

Current thread (0x0000000017ae5800):  VMThread [stack: 0x0000000018550000,0x0000000018650000] [id=11112]

siginfo: ExceptionCode=0xc0000005, reading address 0xffffffffffffffff

Registers:
RAX=0x00001ffffffffad9, RBX=0x00009fffffffe63d, RCX=0x00000000669fc7a0, RDX=0x0000000057a80060
RSP=0x000000001864ef10, RBP=0x00000000669fc7a0, RSI=0x0000000002cf0000, RDI=0x0000000057a80060
R8 =0x0000000000000009, R9 =0x000000000ad9000c, R10=0x00000000002b6401, R11=0x000000000ad90040
R12=0x000000000000000e, R13=0x00000000030c36f0, R14=0x0000000000000000, R15=0x00000000030d3390
RIP=0x00000000665ddd7a, EFLAGS=0x0000000000010a02

Top of Stack: (sp=0x000000001864ef10)
0x000000001864ef10:   0000000000000000 00000000669fc7a0
0x000000001864ef20:   0000000002cf0000 0000000066205a4f
0x000000001864ef30:   000000000000000e 0000000099f10784
0x000000001864ef40:   00000000032220f1 0000000066318fd8
0x000000001864ef50:   000000769f02f871 000000008ea7e5cc
0x000000001864ef60:   0000000017a84ca0 000000000000000e
0x000000001864ef70:   00000000030d33b0 00000000665dd7a0
0x000000001864ef80:   0000000002cf0000 0000000002cf7d78
0x000000001864ef90:   00000000668348f8 0000000018d69cf0
0x000000001864efa0:   0000000017a84ca0 00000000665deaaa
0x000000001864efb0:   0000000000000000 00000000669b4ae0
0x000000001864efc0:   0000000018d69cf0 0000000018d69cf0
0x000000001864efd0:   00000000669b4ae0 0000000000000003
0x000000001864efe0:   0000000066812780 0000000000000002
0x000000001864eff0:   00000000031a7c60 0000000000000002
0x000000001864f000:   00000000668348f8 00000000667e0100 

Instructions: (pc=0x00000000665ddd7a)
0x00000000665ddd5a:   56 57 41 54 48 83 ec 20 48 8b 71 18 48 8b c2 48
0x00000000665ddd6a:   8b fa 48 2b 01 48 8b e9 48 c1 e8 13 48 8d 1c 80
0x00000000665ddd7a:   44 8b 44 de 1c 8b 44 de 18 4c 8b 24 de 41 81 e0
0x00000000665ddd8a:   ff ff ff 07 4c 03 c0 49 81 f8 00 00 01 00 75 09 


Register to memory mapping:

RAX=0x00001ffffffffad9 is an unknown value
RBX=0x00009fffffffe63d is an unknown value
RCX=0x00000000669fc7a0 is an unknown value
RDX=0x0000000057a80060 is an unknown value
RSP=0x000000001864ef10 is an unknown value
RBP=0x00000000669fc7a0 is an unknown value
RSI=0x0000000002cf0000 is an unknown value
RDI=0x0000000057a80060 is an unknown value
R8 =0x0000000000000009 is an unknown value
R9 =0x000000000ad9000c is an unknown value
R10=0x00000000002b6401 is an unknown value
R11=0x000000000ad90040 is an unknown value
R12=0x000000000000000e is an unknown value
R13=0x00000000030c36f0 is an unknown value
R14=0x0000000000000000 is an unknown value
R15=0x00000000030d3390 is an unknown value


Stack: [0x0000000018550000,0x0000000018650000],  sp=0x000000001864ef10,  free space=1019k
Native frames: (J=compiled Java code, j=interpreted, Vv=VM code, C=native code)
V  [jvm.dll+0x3fdd7a]
V  [jvm.dll+0x138fd8]
V  [jvm.dll+0x3fd7a0]
V  [jvm.dll+0x3feaaa]
V  [jvm.dll+0x3ffabf]
V  [jvm.dll+0x40009b]
V  [jvm.dll+0x3f379b]
V  [jvm.dll+0x405f16]
V  [jvm.dll+0x24c2a7]
V  [jvm.dll+0x24b546]
V  [jvm.dll+0x24b9e1]
V  [jvm.dll+0x24bbfe]
V  [jvm.dll+0x29cc1a]
C  [msvcr100.dll+0x21d9f]
C  [msvcr100.dll+0x21e3b]
C  [KERNEL32.DLL+0x13034]
C  [ntdll.dll+0x71431]

VM_Operation (0x0000000002e6ee70): ParallelGCFailedAllocation, mode: safepoint, requested by thread 0x00000000030c2800


---------------  P R O C E S S  ---------------

Java Threads: ( => current thread )
  0x0000000018da5000 JavaThread "Service Thread" daemon [_thread_blocked, id=12144, stack(0x0000000019330000,0x0000000019430000)]
  0x0000000018d9f800 JavaThread "C1 CompilerThread1" daemon [_thread_blocked, id=15552, stack(0x0000000019150000,0x0000000019250000)]
  0x0000000017b61800 JavaThread "C2 CompilerThread0" daemon [_thread_blocked, id=16764, stack(0x0000000018c50000,0x0000000018d50000)]
  0x0000000017b60000 JavaThread "Monitor Ctrl-Break" daemon [_thread_in_native, id=10492, stack(0x0000000018b50000,0x0000000018c50000)]
  0x0000000017b23800 JavaThread "Attach Listener" daemon [_thread_blocked, id=8948, stack(0x0000000018a50000,0x0000000018b50000)]
  0x0000000017b20000 JavaThread "Signal Dispatcher" daemon [_thread_blocked, id=12992, stack(0x0000000018950000,0x0000000018a50000)]
  0x0000000017b08800 JavaThread "Finalizer" daemon [_thread_blocked, id=6524, stack(0x0000000018750000,0x0000000018850000)]
  0x00000000031ae000 JavaThread "Reference Handler" daemon [_thread_blocked, id=14176, stack(0x0000000018650000,0x0000000018750000)]
  0x00000000030c2800 JavaThread "main" [_thread_blocked, id=15056, stack(0x0000000002d70000,0x0000000002e70000)]

Other Threads:
=>0x0000000017ae5800 VMThread [stack: 0x0000000018550000,0x0000000018650000] [id=11112]
  0x0000000018dcf000 WatcherThread [stack: 0x0000000019430000,0x0000000019530000] [id=11544]

VM state:at safepoint (normal execution)

VM Mutex/Monitor currently owned by a thread:  ([mutex/lock_event])
[0x0000000002f0dcf0] Threads_lock - owner thread: 0x0000000017ae5800
[0x0000000002f0e1f0] Heap_lock - owner thread: 0x00000000030c2800

Heap:
 PSYoungGen      total 38400K, used 496K [0x00000000d5a00000, 0x00000000da500000, 0x0000000100000000)
  eden space 33280K, 0% used [0x00000000d5a00000,0x00000000d5a00000,0x00000000d7a80000)
  from space 5120K, 9% used [0x00000000d7a80000,0x00000000d7afc030,0x00000000d7f80000)
  to   space 5120K, 0% used [0x00000000da000000,0x00000000da000000,0x00000000da500000)
 ParOldGen       total 1388544K, used 1191118K [0x0000000080e00000, 0x00000000d5a00000, 0x00000000d5a00000)
  object space 1388544K, 85% used [0x0000000080e00000,0x00000000c9933938,0x00000000d5a00000)
 Metaspace       used 3446K, capacity 4500K, committed 4864K, reserved 1056768K
  class space    used 383K, capacity 388K, committed 512K, reserved 1048576K

Card table byte_map: [0x0000000012580000,0x0000000012980000] byte_map_base: 0x0000000012179000

Marking Bits: (ParMarkBitMap*) 0x00000000669fc720
 Begin Bits: [0x0000000012e30000, 0x0000000014df8000)
 End Bits:   [0x0000000014df8000, 0x0000000016dc0000)

Polling page: 0x0000000001030000

CodeCache: size=245760Kb used=1147Kb max_used=1159Kb free=244612Kb
 bounds [0x00000000031c0000, 0x0000000003430000, 0x00000000121c0000]
 total_blobs=297 nmethods=43 adapters=168
 compilation: enabled

Compilation events (10 events):
Event: 3.799 Thread 0x0000000017b61800   39       4       java.util.ArrayList::get (11 bytes)
Event: 3.800 Thread 0x0000000017b61800 nmethod 39 0x00000000032dcd10 code [0x00000000032dce40, 0x00000000032dcef8]
Event: 3.800 Thread 0x0000000017b61800   40       4       java.util.ArrayList::add (54 bytes)
Event: 3.803 Thread 0x0000000017b61800 nmethod 40 0x00000000032de110 code [0x00000000032de280, 0x00000000032de528]
Event: 3.806 Thread 0x0000000018d9f800   41 %     3       com.javarush.task.task07.task0717.Solution::doubleValues @ 2 (30 bytes)
Event: 3.806 Thread 0x0000000018d9f800 nmethod 41% 0x00000000032dd650 code [0x00000000032dd820, 0x00000000032ddd48]
Event: 3.806 Thread 0x0000000018d9f800   42       3       com.javarush.task.task07.task0717.Solution::doubleValues (30 bytes)
Event: 3.807 Thread 0x0000000018d9f800 nmethod 42 0x00000000032e0c90 code [0x00000000032e0e40, 0x00000000032e12e8]
Event: 3.808 Thread 0x0000000017b61800   43 %     4       com.javarush.task.task07.task0717.Solution::doubleValues @ 2 (30 bytes)
Event: 3.812 Thread 0x0000000017b61800 nmethod 43% 0x00000000032dee50 code [0x00000000032defc0, 0x00000000032df368]

GC Heap History (7 events):
Event: 3.839 GC heap before
{Heap before GC invocations=1 (full 0):
 PSYoungGen      total 38400K, used 24168K [0x00000000d5a00000, 0x00000000d8480000, 0x0000000100000000)
  eden space 33280K, 72% used [0x00000000d5a00000,0x00000000d719a330,0x00000000d7a80000)
  from space 5120K, 0% used [0x00000000d7f80000,0x00000000d7f80000,0x00000000d8480000)
  to   space 5120K, 0% used [0x00000000d7a80000,0x00000000d7a80000,0x00000000d7f80000)
 ParOldGen       total 87552K, used 0K [0x0000000080e00000, 0x0000000086380000, 0x00000000d5a00000)
  object space 87552K, 0% used [0x0000000080e00000,0x0000000080e00000,0x0000000086380000)
 Metaspace       used 3446K, capacity 4500K, committed 4864K, reserved 1056768K
  class space    used 383K, capacity 388K, committed 512K, reserved 1048576K
Event: 3.852 GC heap after
Heap after GC invocations=1 (full 0):
 PSYoungGen      total 38400K, used 512K [0x00000000d5a00000, 0x00000000d8480000, 0x0000000100000000)
  eden space 33280K, 0% used [0x00000000d5a00000,0x00000000d5a00000,0x00000000d7a80000)
  from space 5120K, 10% used [0x00000000d7a80000,0x00000000d7b00000,0x00000000d7f80000)
  to   space 5120K, 0% used [0x00000000d7f80000,0x00000000d7f80000,0x00000000d8480000)
 ParOldGen       total 87552K, used 7122K [0x0000000080e00000, 0x0000000086380000, 0x00000000d5a00000)
  object space 87552K, 8% used [0x0000000080e00000,0x00000000814f4808,0x0000000086380000)
 Metaspace       used 3446K, capacity 4500K, committed 4864K, reserved 1056768K
  class space    used 383K, capacity 388K, committed 512K, reserved 1048576K
}
Event: 6.150 GC heap before
{Heap before GC invocations=2 (full 0):
 PSYoungGen      total 38400K, used 27857K [0x00000000d5a00000, 0x00000000d8480000, 0x0000000100000000)
  eden space 33280K, 82% used [0x00000000d5a00000,0x00000000d74b4518,0x00000000d7a80000)
  from space 5120K, 10% used [0x00000000d7a80000,0x00000000d7b00000,0x00000000d7f80000)
  to   space 5120K, 0% used [0x00000000d7f80000,0x00000000d7f80000,0x00000000d8480000)
 ParOldGen       total 1388544K, used 1191118K [0x0000000080e00000, 0x00000000d5a00000, 0x00000000d5a00000)
  object space 1388544K, 85% used [0x0000000080e00000,0x00000000c9933938,0x00000000d5a00000)
 Metaspace       used 3446K, capacity 4500K, committed 4864K, reserved 1056768K
  class space    used 383K, capacity 388K, committed 512K, reserved 1048576K
Event: 7.433 GC heap after
Heap after GC invocations=2 (full 0):
 PSYoungGen      total 38400K, used 528K [0x00000000d5a00000, 0x00000000da500000, 0x0000000100000000)
  eden space 33280K, 0% used [0x00000000d5a00000,0x00000000d5a00000,0x00000000d7a80000)
  from space 5120K, 10% used [0x00000000d7f80000,0x00000000d8004030,0x00000000d8480000)
  to   space 5120K, 0% used [0x00000000d7a80000,0x00000000d7a80000,0x00000000d7f80000)
 ParOldGen       total 1388544K, used 1191118K [0x0000000080e00000, 0x00000000d5a00000, 0x00000000d5a00000)
  object space 1388544K, 85% used [0x0000000080e00000,0x00000000c9933938,0x00000000d5a00000)
 Metaspace       used 3446K, capacity 4500K, committed 4864K, reserved 1056768K
  class space    used 383K, capacity 388K, committed 512K, reserved 1048576K
}
Event: 7.433 GC heap before
{Heap before GC invocations=3 (full 0):
 PSYoungGen      total 38400K, used 528K [0x00000000d5a00000, 0x00000000da500000, 0x0000000100000000)
  eden space 33280K, 0% used [0x00000000d5a00000,0x00000000d5a00000,0x00000000d7a80000)
  from space 5120K, 10% used [0x00000000d7f80000,0x00000000d8004030,0x00000000d8480000)
  to   space 5120K, 0% used [0x00000000d7a80000,0x00000000d7a80000,0x00000000d7f80000)
 ParOldGen       total 1388544K, used 1191118K [0x0000000080e00000, 0x00000000d5a00000, 0x00000000d5a00000)
  object space 1388544K, 85% used [0x0000000080e00000,0x00000000c9933938,0x00000000d5a00000)
 Metaspace       used 3446K, capacity 4500K, committed 4864K, reserved 1056768K
  class space    used 383K, capacity 388K, committed 512K, reserved 1048576K
Event: 8.722 GC heap after
Heap after GC invocations=3 (full 0):
 PSYoungGen      total 38400K, used 496K [0x00000000d5a00000, 0x00000000da500000, 0x0000000100000000)
  eden space 33280K, 0% used [0x00000000d5a00000,0x00000000d5a00000,0x00000000d7a80000)
  from space 5120K, 9% used [0x00000000d7a80000,0x00000000d7afc030,0x00000000d7f80000)
  to   space 5120K, 0% used [0x00000000da000000,0x00000000da000000,0x00000000da500000)
 ParOldGen       total 1388544K, used 1191118K [0x0000000080e00000, 0x00000000d5a00000, 0x00000000d5a00000)
  object space 1388544K, 85% used [0x0000000080e00000,0x00000000c9933938,0x00000000d5a00000)
 Metaspace       used 3446K, capacity 4500K, committed 4864K, reserved 1056768K
  class space    used 383K, capacity 388K, committed 512K, reserved 1048576K
}
Event: 8.722 GC heap before
{Heap before GC invocations=4 (full 1):
 PSYoungGen      total 38400K, used 496K [0x00000000d5a00000, 0x00000000da500000, 0x0000000100000000)
  eden space 33280K, 0% used [0x00000000d5a00000,0x00000000d5a00000,0x00000000d7a80000)
  from space 5120K, 9% used [0x00000000d7a80000,0x00000000d7afc030,0x00000000d7f80000)
  to   space 5120K, 0% used [0x00000000da000000,0x00000000da000000,0x00000000da500000)
 ParOldGen       total 1388544K, used 1191118K [0x0000000080e00000, 0x00000000d5a00000, 0x00000000d5a00000)
  object space 1388544K, 85% used [0x0000000080e00000,0x00000000c9933938,0x00000000d5a00000)
 Metaspace       used 3446K, capacity 4500K, committed 4864K, reserved 1056768K
  class space    used 383K, capacity 388K, committed 512K, reserved 1048576K

Deoptimization events (0 events):
No events

Internal exceptions (2 events):
Event: 0.036 Thread 0x00000000030c2800 Exception <a 'java/lang/NoSuchMethodError': Method sun.misc.Unsafe.defineClass(Ljava/lang/String;[BII)Ljava/lang/Class; name or signature does not match> (0x00000000d5a07ca8) thrown at [C:\re\workspace\8-2-build-windows-amd64-cygwin\jdk8u131\8869\hotspot\
Event: 0.036 Thread 0x00000000030c2800 Exception <a 'java/lang/NoSuchMethodError': Method sun.misc.Unsafe.prefetchRead(Ljava/lang/Object;J)V name or signature does not match> (0x00000000d5a07f90) thrown at [C:\re\workspace\8-2-build-windows-amd64-cygwin\jdk8u131\8869\hotspot\src\share\vm\prims

Events (10 events):
Event: 0.239 loading class sun/launcher/LauncherHelper$FXHelper done
Event: 0.240 loading class java/lang/Void
Event: 0.240 loading class java/lang/Void done
Event: 3.813 Thread 0x00000000030c2800 DEOPT PACKING pc=0x00000000032ddc14 sp=0x0000000002e6f150
Event: 3.813 Thread 0x00000000030c2800 DEOPT UNPACKING pc=0x000000000320747f sp=0x0000000002e6eee8 mode 0
Event: 3.839 Executing VM operation: ParallelGCFailedAllocation
Event: 3.852 Executing VM operation: ParallelGCFailedAllocation done
Event: 4.294 Executing VM operation: EnableBiasedLocking
Event: 4.294 Executing VM operation: EnableBiasedLocking done
Event: 6.150 Executing VM operation: ParallelGCFailedAllocation


Dynamic libraries:
0x00007ff76b470000 - 0x00007ff76b4a7000 	C:\Program Files\Java\jdk1.8.0_131\bin\java.exe
0x00007fff930c0000 - 0x00007fff932a1000 	C:\WINDOWS\SYSTEM32\ntdll.dll
0x00007fff90ca0000 - 0x00007fff90d52000 	C:\WINDOWS\System32\KERNEL32.DLL
0x00007fff8fc50000 - 0x00007fff8fec3000 	C:\WINDOWS\System32\KERNELBASE.dll
0x00007fff92ed0000 - 0x00007fff92f71000 	C:\WINDOWS\System32\ADVAPI32.dll
0x00007fff90550000 - 0x00007fff905ee000 	C:\WINDOWS\System32\msvcrt.dll
0x00007fff908c0000 - 0x00007fff9091b000 	C:\WINDOWS\System32\sechost.dll
0x00007fff905f0000 - 0x00007fff90714000 	C:\WINDOWS\System32\RPCRT4.dll
0x00007fff92880000 - 0x00007fff92a10000 	C:\WINDOWS\System32\USER32.dll
0x00007fff903b0000 - 0x00007fff903d0000 	C:\WINDOWS\System32\win32u.dll
0x00007fff92850000 - 0x00007fff92878000 	C:\WINDOWS\System32\GDI32.dll
0x00007fff8fed0000 - 0x00007fff90062000 	C:\WINDOWS\System32\gdi32full.dll
0x00007fff90070000 - 0x00007fff9010f000 	C:\WINDOWS\System32\msvcp_win.dll
0x00007fff90450000 - 0x00007fff9054a000 	C:\WINDOWS\System32\ucrtbase.dll
0x00007fff83640000 - 0x00007fff838a9000 	C:\WINDOWS\WinSxS\amd64_microsoft.windows.common-controls_6595b64144ccf1df_6.0.17134.112_none_fb3f961b30681c12\COMCTL32.dll
0x00007fff90fe0000 - 0x00007fff91303000 	C:\WINDOWS\System32\combase.dll
0x00007fff903d0000 - 0x00007fff9044a000 	C:\WINDOWS\System32\bcryptPrimitives.dll
0x00007fff90ec0000 - 0x00007fff90eed000 	C:\WINDOWS\System32\IMM32.DLL
0x0000000068190000 - 0x0000000068262000 	C:\Program Files\Java\jdk1.8.0_131\jre\bin\msvcr100.dll
0x00000000661e0000 - 0x0000000066a7c000 	C:\Program Files\Java\jdk1.8.0_131\jre\bin\server\jvm.dll
0x00007fff92840000 - 0x00007fff92848000 	C:\WINDOWS\System32\PSAPI.DLL
0x00007fff82d70000 - 0x00007fff82d79000 	C:\WINDOWS\SYSTEM32\WSOCK32.dll
0x00007fff92a10000 - 0x00007fff92a7c000 	C:\WINDOWS\System32\WS2_32.dll
0x00007fff8d100000 - 0x00007fff8d123000 	C:\WINDOWS\SYSTEM32\WINMM.dll
0x00007fff8a080000 - 0x00007fff8a08a000 	C:\WINDOWS\SYSTEM32\VERSION.dll
0x00007fff8d0d0000 - 0x00007fff8d0fa000 	C:\WINDOWS\SYSTEM32\WINMMBASE.dll
0x00007fff90110000 - 0x00007fff90159000 	C:\WINDOWS\System32\cfgmgr32.dll
0x0000000068180000 - 0x000000006818f000 	C:\Program Files\Java\jdk1.8.0_131\jre\bin\verify.dll
0x0000000068150000 - 0x0000000068179000 	C:\Program Files\Java\jdk1.8.0_131\jre\bin\java.dll
0x0000000068100000 - 0x0000000068123000 	C:\Program Files\Java\jdk1.8.0_131\jre\bin\instrument.dll
0x00000000680e0000 - 0x00000000680f6000 	C:\Program Files\Java\jdk1.8.0_131\jre\bin\zip.dll
0x00007fff91330000 - 0x00007fff92770000 	C:\WINDOWS\System32\SHELL32.dll
0x00007fff92fe0000 - 0x00007fff93089000 	C:\WINDOWS\System32\shcore.dll
0x00007fff8f540000 - 0x00007fff8fc4d000 	C:\WINDOWS\System32\windows.storage.dll
0x00007fff90f70000 - 0x00007fff90fc1000 	C:\WINDOWS\System32\shlwapi.dll
0x00007fff8f430000 - 0x00007fff8f441000 	C:\WINDOWS\System32\kernel.appcore.dll
0x00007fff8f450000 - 0x00007fff8f46f000 	C:\WINDOWS\System32\profapi.dll
0x00007fff8f3d0000 - 0x00007fff8f41c000 	C:\WINDOWS\System32\powrprof.dll
0x00007fff8f420000 - 0x00007fff8f42a000 	C:\WINDOWS\System32\FLTLIB.DLL
0x00007fff83620000 - 0x00007fff8363a000 	E:\tut\IntelliJ IDEA Community Edition 2018.1.6\bin\breakgen64.dll
0x00000000680c0000 - 0x00000000680da000 	C:\Program Files\Java\jdk1.8.0_131\jre\bin\net.dll
0x00007fff75a80000 - 0x00007fff75aa0000 	C:\WINDOWS\system32\PrxerDrv.dll
0x00007fff8ebf0000 - 0x00007fff8ec56000 	C:\WINDOWS\system32\mswsock.dll
0x00007fff87da0000 - 0x00007fff87f69000 	C:\WINDOWS\SYSTEM32\dbghelp.dll

VM Arguments:
jvm_args: -javaagent:E:\tut\IntelliJ IDEA Community Edition 2018.1.6\lib\idea_rt.jar=49739:E:\tut\IntelliJ IDEA Community Edition 2018.1.6\bin -Dfile.encoding=UTF-8 
java_command: com.javarush.task.task07.task0717.Solution
java_class_path (initial): C:\Program Files\Java\jdk1.8.0_131\jre\lib\charsets.jar;C:\Program Files\Java\jdk1.8.0_131\jre\lib\deploy.jar;C:\Program Files\Java\jdk1.8.0_131\jre\lib\ext\access-bridge-64.jar;C:\Program Files\Java\jdk1.8.0_131\jre\lib\ext\cldrdata.jar;C:\Program Files\Java\jdk1.8.0_131\jre\lib\ext\dnsns.jar;C:\Program Files\Java\jdk1.8.0_131\jre\lib\ext\jaccess.jar;C:\Program Files\Java\jdk1.8.0_131\jre\lib\ext\jfxrt.jar;C:\Program Files\Java\jdk1.8.0_131\jre\lib\ext\localedata.jar;C:\Program Files\Java\jdk1.8.0_131\jre\lib\ext\nashorn.jar;C:\Program Files\Java\jdk1.8.0_131\jre\lib\ext\sunec.jar;C:\Program Files\Java\jdk1.8.0_131\jre\lib\ext\sunjce_provider.jar;C:\Program Files\Java\jdk1.8.0_131\jre\lib\ext\sunmscapi.jar;C:\Program Files\Java\jdk1.8.0_131\jre\lib\ext\sunpkcs11.jar;C:\Program Files\Java\jdk1.8.0_131\jre\lib\ext\zipfs.jar;C:\Program Files\Java\jdk1.8.0_131\jre\lib\javaws.jar;C:\Program Files\Java\jdk1.8.0_131\jre\lib\jce.jar;C:\Program Files\Java\jdk1.8.0_131\jre\lib\jfr.jar;C:\Program Files\Java\jdk1.8.0_131\jre\lib\jfxswt.jar;C:\Program Files\Java\jdk1.8.0_131\jre\lib\jsse.jar;C:\Program Files\Java\jdk1.8.0_131\jre\lib\management-agent.jar;C:\Program Files\Java\jdk1.8.0_131\jre\lib\plugin.jar;C:\Program Files\Java\jdk1.8.0_131\jre\lib\resources.jar;C:\Program Files\Java\jdk1.8.0_131\jre\lib\rt.jar;E:\JAVA\pro\JavaRushTasks\out\production\1.JavaSyntax;E:\tut\IntelliJ IDEA Community Edition 2018.1.6\lib\idea_rt.jar
Launcher Type: SUN_STANDARD

Environment Variables:
PATH=C:\ProgramData\Oracle\Java\javapath;C:\WINDOWS\system32;C:\WINDOWS;C:\WINDOWS\System32\Wbem;C:\WINDOWS\System32\WindowsPowerShell\v1.0\;C:\Program Files (x86)\ATI Technologies\ATI.ACE\Core-Static;C:\Program Files (x86)\AMD\ATI.ACE\Core-Static;C:\Program Files (x86)\Common Files\Acronis\SnapAPI\;C:\Program Files (x86)\Skype\Phone\;C:\Program Files (x86)\Brackets\command;C:\WINDOWS\system32\wbem;C:\Program Files (x86)\IVT Corporation\BlueSoleil\Mobile;C:\Users\аслан\AppData\Local\Microsoft\WindowsApps;C:\adb;%SystemRoot%\system32;%SystemRoot%;%SystemRoot%\System32\Wbem;%SYSTEMROOT%\System32\WindowsPowerShell\v1.0\;%SYSTEMROOT%\System32\OpenSSH\;C:\Users\аслан\AppData\Local\Microsoft\WindowsApps;
USERNAME=Nest
OS=Windows_NT
PROCESSOR_IDENTIFIER=Intel64 Family 6 Model 60 Stepping 3, GenuineIntel



---------------  S Y S T E M  ---------------

OS: Windows 10.0 , 64 bit Build 17134 (10.0.17134.1)

CPU:total 2 (initial active 2) (2 cores per cpu, 1 threads per core) family 6 model 60 stepping 3, cmov, cx8, fxsr, mmx, sse, sse2, sse3, ssse3, sse4.1, sse4.2, popcnt, clmul, erms, lzcnt, tsc, tscinvbit

Memory: 4k page, physical 8327052k(1245432k free), swap 18031232k(2198880k free)

vm_info: Java HotSpot(TM) 64-Bit Server VM (25.131-b11) for windows-amd64 JRE (1.8.0_131-b11), built on Mar 15 2017 01:23:53 by "java_re" with MS VC++ 10.0 (VS2010)

time: Sun Nov 11 20:24:25 2018
elapsed time: 11 seconds (0d 0h 0m 11s)

